<?xml version="1.0" encoding="UTF-8"?>
<!-- Generated by org.testng.reporters.JUnitReportReporter -->
<testsuite skipped="0" hostname="Kanchans-MacBook-Pro.local" name="com.ryanair.tests.HomePageTest" tests="7" failures="0" timestamp="2020-06-18T09:23:24 IST" time="19.231" errors="0">
  <testcase name="validateHomePageIsLoaded" time="0.277" classname="com.ryanair.tests.HomePageTest"/>
  <system-out/>
  <testcase name="validatePageTitle" time="0.150" classname="com.ryanair.tests.HomePageTest"/>
  <system-out/>
  <testcase name="searchFlights" time="3.824" classname="com.ryanair.tests.HomePageTest"/>
  <system-out/>
  <testcase name="navigateToFlights" time="7.445" classname="com.ryanair.tests.HomePageTest"/>
  <system-out/>
  <testcase name="validateFlightDetails" time="4.219" classname="com.ryanair.tests.HomePageTest"/>
  <system-out/>
  <testcase name="selectRegularFlights" time="3.316" classname="com.ryanair.tests.HomePageTest"/>
  <system-out/>
  <testcase name="validatePassengersSectionIsDisabled" time="0.000" classname="com.ryanair.tests.HomePageTest"/>
  <system-out/>
</testsuite> <!-- com.ryanair.tests.HomePageTest -->
