<?xml version="1.0" encoding="UTF-8"?>
<!-- Generated by org.testng.reporters.JUnitReportReporter -->
<testsuite skipped="7" hostname="Kanchans-MacBook-Pro.local" name="com.ryanair.tests.HomePageTest" tests="8" failures="0" timestamp="2020-06-18T23:30:06 IST" time="0.737" errors="1">
  <testcase name="setUp" time="0.737" classname="com.ryanair.tests.HomePageTest">
    <error type="java.lang.NullPointerException">
      <![CDATA[java.lang.NullPointerException
at com.ryanair.base.BaseClass.setDriverProperties(BaseClass.java:54)
at com.ryanair.base.BaseClass.openBrowser(BaseClass.java:45)
at com.ryanair.base.BaseClass.initialisation(BaseClass.java:38)
at com.ryanair.tests.HomePageTest.setUp(HomePageTest.java:20)
at sun.reflect.NativeMethodAccessorImpl.invoke0(Native Method)
at sun.reflect.NativeMethodAccessorImpl.invoke(NativeMethodAccessorImpl.java:62)
at sun.reflect.DelegatingMethodAccessorImpl.invoke(DelegatingMethodAccessorImpl.java:43)
at java.lang.reflect.Method.invoke(Method.java:498)
at org.testng.internal.MethodInvocationHelper.invokeMethod(MethodInvocationHelper.java:134)
at org.testng.internal.MethodInvocationHelper.invokeMethodConsideringTimeout(MethodInvocationHelper.java:63)
at org.testng.internal.ConfigInvoker.invokeConfigurationMethod(ConfigInvoker.java:348)
at org.testng.internal.ConfigInvoker.invokeConfigurations(ConfigInvoker.java:302)
at org.testng.TestRunner.invokeTestConfigurations(TestRunner.java:619)
at org.testng.TestRunner.beforeRun(TestRunner.java:609)
at org.testng.TestRunner.run(TestRunner.java:580)
at org.testng.SuiteRunner.runTest(SuiteRunner.java:384)
at org.testng.SuiteRunner.runSequentially(SuiteRunner.java:378)
at org.testng.SuiteRunner.privateRun(SuiteRunner.java:337)
at org.testng.SuiteRunner.run(SuiteRunner.java:286)
at org.testng.SuiteRunnerWorker.runSuite(SuiteRunnerWorker.java:53)
at org.testng.SuiteRunnerWorker.run(SuiteRunnerWorker.java:96)
at org.testng.TestNG.runSuitesSequentially(TestNG.java:1187)
at org.testng.TestNG.runSuitesLocally(TestNG.java:1109)
at org.testng.TestNG.runSuites(TestNG.java:1039)
at org.testng.TestNG.run(TestNG.java:1007)
at com.intellij.rt.testng.IDEARemoteTestNG.run(IDEARemoteTestNG.java:66)
at com.intellij.rt.testng.RemoteTestNGStarter.main(RemoteTestNGStarter.java:110)
]]>
    </error>
  </testcase> <!-- setUp -->
  <system-out/>
  <testcase name="validateHomePageIsLoaded" time="0.000" classname="com.ryanair.tests.HomePageTest">
    <skipped/>
  </testcase> <!-- validateHomePageIsLoaded -->
  <system-out/>
  <testcase name="validatePageTitle" time="0.000" classname="com.ryanair.tests.HomePageTest">
    <skipped/>
  </testcase> <!-- validatePageTitle -->
  <system-out/>
  <testcase name="searchFlights" time="0.000" classname="com.ryanair.tests.HomePageTest">
    <skipped/>
  </testcase> <!-- searchFlights -->
  <system-out/>
  <testcase name="navigateToFlights" time="0.000" classname="com.ryanair.tests.HomePageTest">
    <skipped/>
  </testcase> <!-- navigateToFlights -->
  <system-out/>
  <testcase name="validateFlightDetails" time="0.000" classname="com.ryanair.tests.HomePageTest">
    <skipped/>
  </testcase> <!-- validateFlightDetails -->
  <system-out/>
  <testcase name="selectRegularFlights" time="0.000" classname="com.ryanair.tests.HomePageTest">
    <skipped/>
  </testcase> <!-- selectRegularFlights -->
  <system-out/>
  <testcase name="validatePassengersSectionIsDisabled" time="0.000" classname="com.ryanair.tests.HomePageTest">
    <skipped/>
  </testcase> <!-- validatePassengersSectionIsDisabled -->
  <system-out/>
</testsuite> <!-- com.ryanair.tests.HomePageTest -->
