<?xml version="1.0" encoding="UTF-8"?>
<!-- Generated by org.testng.reporters.JUnitReportReporter -->
<testsuite skipped="0" hostname="Kanchans-MacBook-Pro.local" name="com.ryanair.tests.HomePageTest" tests="7" failures="0" timestamp="2020-06-18T21:56:58 IST" time="18.228" errors="0">
  <testcase name="validateHomePageIsLoaded" time="0.044" classname="com.ryanair.tests.HomePageTest"/>
  <system-out/>
  <testcase name="validatePageTitle" time="0.049" classname="com.ryanair.tests.HomePageTest"/>
  <system-out/>
  <testcase name="searchFlights" time="3.967" classname="com.ryanair.tests.HomePageTest"/>
  <system-out/>
  <testcase name="navigateToFlights" time="8.245" classname="com.ryanair.tests.HomePageTest"/>
  <system-out/>
  <testcase name="validateFlightDetails" time="3.300" classname="com.ryanair.tests.HomePageTest"/>
  <system-out/>
  <testcase name="selectRegularFlights" time="2.622" classname="com.ryanair.tests.HomePageTest"/>
  <system-out/>
  <testcase name="validatePassengersSectionIsDisabled" time="0.001" classname="com.ryanair.tests.HomePageTest"/>
  <system-out/>
</testsuite> <!-- com.ryanair.tests.HomePageTest -->
